\BOOKMARK [1][-]{section.1}{\376\377\000I\000n\000t\000r\000o\000d\000u\000c\000t\000i\000o\000n}{}% 1
\BOOKMARK [1][-]{section.2}{\376\377\000O\000v\000e\000r\000v\000i\000e\000w\000\040\000o\000f\000\040\000t\000h\000e\000\040\000T\000e\000c\000h\000n\000o\000l\000o\000g\000y\000\040\000D\000e\000v\000e\000l\000o\000p\000e\000d}{}% 2
\BOOKMARK [2][-]{subsection.2.1}{\376\377\000O\000b\000j\000e\000c\000t\000\040\000r\000e\000c\000o\000g\000n\000i\000t\000i\000o\000n\000\040\000b\000a\000s\000e\000d\000\040\000s\000y\000s\000t\000e\000m\000s}{section.2}% 3
\BOOKMARK [2][-]{subsection.2.2}{\376\377\000V\000e\000h\000i\000c\000l\000e\000\040\000s\000e\000n\000s\000o\000r\000\040\000d\000e\000t\000e\000c\000t\000i\000o\000n\000\040\000b\000a\000s\000e\000d\000\040\000s\000y\000s\000t\000e\000m\000s}{section.2}% 4
\BOOKMARK [2][-]{subsection.2.3}{\376\377\000T\000r\000a\000f\000f\000i\000c\000\040\000L\000i\000g\000h\000t\000s\000\040\000S\000y\000n\000c\000h\000r\000o\000n\000i\000z\000a\000t\000i\000o\000n\000\040\000b\000a\000s\000e\000d\000\040\000s\000y\000s\000t\000e\000m\000s}{section.2}% 5
\BOOKMARK [2][-]{subsection.2.4}{\376\377\000F\000u\000z\000z\000y\000\040\000I\000n\000t\000e\000l\000l\000i\000g\000e\000n\000t\000\040\000T\000r\000a\000f\000f\000i\000c\000\040\000S\000i\000g\000n\000a\000l\000\040\000C\000o\000n\000t\000r\000o\000l\000\040\000S\000y\000s\000t\000e\000m}{section.2}% 6
\BOOKMARK [2][-]{subsection.2.5}{\376\377\000D\000e\000d\000i\000c\000a\000t\000e\000d\000\040\000S\000h\000o\000r\000t\000-\000R\000a\000n\000g\000e\000\040\000C\000o\000m\000m\000u\000n\000i\000c\000a\000t\000i\000o\000n\000s\000\040\000s\000y\000s\000t\000e\000m\000s}{section.2}% 7
\BOOKMARK [1][-]{section.3}{\376\377\000A\000\040\000n\000e\000w\000\040\000f\000l\000e\000x\000i\000b\000l\000e\000\040\000e\000c\000o\000n\000o\000m\000i\000c\000\040\000a\000p\000p\000r\000o\000a\000c\000h}{}% 8
\BOOKMARK [2][-]{subsection.3.1}{\376\377\000P\000r\000o\000x\000y}{section.3}% 9
\BOOKMARK [2][-]{subsection.3.2}{\376\377\000T\000r\000a\000f\000f\000i\000c\000\040\000O\000b\000s\000e\000r\000v\000e\000r}{section.3}% 10
\BOOKMARK [2][-]{subsection.3.3}{\376\377\000V\000e\000h\000i\000c\000l\000e\000\040\000T\000r\000a\000c\000k\000e\000r}{section.3}% 11
\BOOKMARK [2][-]{subsection.3.4}{\376\377\000J\000u\000n\000c\000t\000i\000o\000n\000\040\000M\000a\000i\000n\000\040\000S\000e\000r\000v\000e\000r}{section.3}% 12
\BOOKMARK [3][-]{subsubsection.3.4.1}{\376\377\000E\000m\000e\000r\000g\000e\000n\000c\000y\000\040\000s\000t\000a\000t\000e\000s}{subsection.3.4}% 13
\BOOKMARK [1][-]{section.4}{\376\377\000I\000m\000p\000l\000e\000m\000e\000n\000t\000a\000t\000i\000o\000n\000\040\000d\000e\000t\000a\000i\000l\000s}{}% 14
\BOOKMARK [2][-]{subsection.4.1}{\376\377\000C\000o\000m\000m\000o\000n}{section.4}% 15
\BOOKMARK [2][-]{subsection.4.2}{\376\377\000I\000P\000C}{section.4}% 16
\BOOKMARK [2][-]{subsection.4.3}{\376\377\000M\000o\000d\000e\000l\000T\000r\000a\000i\000n\000i\000g}{section.4}% 17
\BOOKMARK [2][-]{subsection.4.4}{\376\377\000C\000a\000r\000D\000e\000t\000e\000c\000t\000o\000r}{section.4}% 18
\BOOKMARK [2][-]{subsection.4.5}{\376\377\000P\000r\000o\000x\000y}{section.4}% 19
\BOOKMARK [2][-]{subsection.4.6}{\376\377\000G\000P\000S\000V\000e\000c\000h\000i\000l\000e\000T\000r\000a\000c\000k\000i\000n\000g}{section.4}% 20
\BOOKMARK [2][-]{subsection.4.7}{\376\377\000T\000r\000a\000f\000f\000i\000c\000O\000b\000s\000e\000r\000v\000e\000r}{section.4}% 21
\BOOKMARK [2][-]{subsection.4.8}{\376\377\000J\000M\000S\000-\000T\000r\000a\000f\000f\000i\000c\000M\000a\000n\000a\000g\000e\000m\000e\000n\000t}{section.4}% 22
